2019-08-13 02:12:50|   0.1|  0.1|INFORM|FME 2019.0.2.0 (20190605 - Build 19260 - WIN64)
2019-08-13 02:12:50|   0.1|  0.0|INFORM|FME_HOME is 'C:\Program Files\FME\'
2019-08-13 02:12:50|   0.1|  0.0|INFORM|FME Database Edition (node locked-crc)
2019-08-13 02:12:50|   0.1|  0.0|INFORM|Serial Number: 0
2019-08-13 02:12:50|   0.1|  0.0|INFORM|Temporary License: 66 days left.
2019-08-13 02:12:50|   0.2|  0.0|INFORM|Machine host name is: PHAGAS
2019-08-13 02:12:50|   0.2|  0.0|INFORM|START - ProcessID: 11868, peak process memory usage: 31504 kB, current process memory usage: 31400 kB
2019-08-13 02:12:50|   0.2|  0.0|INFORM|FME Configuration: Command line arguments are `C:\Program Files\FME\fme.exe' `C:/Users/Vishal/OneDrive - NC/InterviewTPS/FME\wb-xlate-1565676768978_3920' `LOG_STANDARDOUT' `YES' `LogCountServerName' `{7a1ae873-245f-4939-a01a-7f8d9d684be6}'
2019-08-13 02:12:50|   0.2|  0.0|INFORM|FME Configuration: Connection Storage: 'C:\Users\Vishal\AppData\Roaming\Safe Software\FME\'
2019-08-13 02:12:50|   0.2|  0.1|INFORM|Shared folders for formats are : C:\Program Files\FME\datasources;C:\Users\Vishal\Documents\FME\Formats
2019-08-13 02:12:50|   0.2|  0.0|INFORM|Shared folders for transformers are : C:\Users\Vishal\AppData\Roaming\Safe Software\FME\Packages\19260-win64\transformers;C:\Program Files\FME\transformers
2019-08-13 02:12:50|   0.2|  0.0|INFORM|Shared folders for coordinate systems are : C:\Users\Vishal\Documents\FME\CoordinateSystems
2019-08-13 02:12:50|   0.2|  0.0|INFORM|Shared folders for coordinate system exceptions are : C:\Users\Vishal\Documents\FME\CoordinateSystemExceptions
2019-08-13 02:12:50|   0.2|  0.0|INFORM|Shared folders for coordinate system grid overrides are : C:\Users\Vishal\Documents\FME\CoordinateSystemGridOverrides
2019-08-13 02:12:50|   0.2|  0.0|INFORM|Shared folders for CS-MAP transformation exceptions are : C:\Users\Vishal\Documents\FME\CsmapTransformationExceptions
2019-08-13 02:12:50|   0.2|  0.0|INFORM|Shared folders for transformer categories are : C:\Users\Vishal\Documents\FME\TransformerCategories
2019-08-13 02:12:50|   0.2|  0.0|INFORM|FME Configuration: Reader Keyword is `MULTI_READER'
2019-08-13 02:12:50|   0.2|  0.0|INFORM|FME Configuration: Writer Keyword is `MULTI_WRITER'
2019-08-13 02:12:50|   0.2|  0.0|INFORM|FME Configuration: Writer Group Definition Keyword is `MULTI_WRITER_DEF'
2019-08-13 02:12:50|   0.2|  0.0|INFORM|FME Configuration: Reader type is `MULTI_READER'
2019-08-13 02:12:50|   0.2|  0.0|INFORM|FME Configuration: Writer type is `MULTI_WRITER'
2019-08-13 02:12:50|   0.2|  0.0|INFORM|FME Configuration: No destination coordinate system set
2019-08-13 02:12:50|   0.2|  0.0|INFORM|FME Configuration: Current working folder is `C:\Users\Vishal\OneDrive - NC\InterviewTPS\FME'
2019-08-13 02:12:50|   0.2|  0.0|INFORM|FME Configuration: Temporary folder is `C:\Users\Vishal\AppData\Local\Temp', set from environment variable `TEMP'
2019-08-13 02:12:50|   0.2|  0.0|INFORM|FME Configuration: FME_HOME is `C:\Program Files\FME\'
2019-08-13 02:12:50|   0.2|  0.0|INFORM|FME Configuration: FME_BASE is 'no'
2019-08-13 02:12:50|   0.2|  0.0|INFORM|FME Configuration: FME_MF_DIR is 'C:\Users\Vishal\OneDrive - NC\InterviewTPS\FME/'
2019-08-13 02:12:50|   0.2|  0.0|INFORM|FME Configuration: FME_MF_NAME is 'bicyclethefts.fmw'
2019-08-13 02:12:50|   0.2|  0.0|INFORM|FME Configuration: FME_PRODUCT_NAME is 'FME(R) 2019.0.2.0'
2019-08-13 02:12:50|   0.2|  0.0|INFORM|System Status: 90.64 GB of disk space available in the FME temporary folder (C:\Users\Vishal\AppData\Local\Temp)
2019-08-13 02:12:50|   0.2|  0.0|INFORM|System Status: 128.00 TB of virtual memory available
2019-08-13 02:12:50|   0.2|  0.0|INFORM|Operating System: Microsoft Windows 10 64-bit  (Build 17134)
2019-08-13 02:12:50|   0.2|  0.0|INFORM|FME Platform: WIN64
2019-08-13 02:12:50|   0.2|  0.0|INFORM|Locale: en_CA
2019-08-13 02:12:50|   0.2|  0.0|INFORM|Code Page: 1252  (ANSI - Latin I)
2019-08-13 02:12:50|   0.2|  0.0|INFORM|FME Configuration: Process limit is 15.86 GB of physical memory
2019-08-13 02:12:50|   0.2|  0.0|INFORM|FME Configuration: Start freeing memory when process usage exceeds 47.57 GB of virtual memory
2019-08-13 02:12:50|   0.2|  0.0|INFORM|FME Configuration: Stop freeing memory when process usage is below 35.68 GB of virtual memory
2019-08-13 02:12:50|   0.3|  0.0|INFORM|Creating writer for format: 
2019-08-13 02:12:50|   0.3|  0.0|INFORM|Creating reader for format: 
2019-08-13 02:12:50|   0.3|  0.0|INFORM|MULTI_READER(MULTI_READER): Will fail with first member reader failure
2019-08-13 02:12:50|   0.3|  0.0|INFORM|Using Multi Reader with keyword `MULTI_READER' to read multiple datasets
2019-08-13 02:12:50|   0.3|  0.0|INFORM|Using MultiWriter with keyword `MULTI_WRITER' to output data (ID_ATTRIBUTE is `multi_writer_id')
2019-08-13 02:12:50|   0.3|  0.0|INFORM|Writer output will be ordered by value of multi_writer_id
2019-08-13 02:12:50|   0.3|  0.0|INFORM|Loaded module 'LogCount_func' from file 'C:\Program Files\FME\plugins/LogCount_func.dll'
2019-08-13 02:12:50|   0.3|  0.0|INFORM|FME API version of module 'LogCount_func' matches current internal version (3.8 20181030)
2019-08-13 02:12:50|   0.3|  0.0|INFORM|Emptying factory pipeline
2019-08-13 02:12:50|   0.3|  0.0|STATS |Router and Unexpected Input Remover (RoutingFactory): Tested 0 input feature(s), wrote 0 output feature(s): 0 matched merge filters, 0 were routed to output, 0 could not be routed.
2019-08-13 02:12:50|   0.3|  0.0|STATS |Unexpected Input Remover Nuker (TeeFactory): Cloned 0 input feature(s) into 0 output feature(s)
2019-08-13 02:12:50|   0.3|  0.0|STATS |Bicycle_Thefts (ESRISHAPE_3) Splitter (TeeFactory): Cloned 0 input feature(s) into 0 output feature(s)
2019-08-13 02:12:50|   0.3|  0.0|STATS |Street furniture-Bicycle parking data (ESRISHAPE_2) Splitter (TeeFactory): Cloned 0 input feature(s) into 0 output feature(s)
2019-08-13 02:12:50|   0.3|  0.0|STATS |Bicycle_Thefts (ESRISHAPE_1) Splitter (TeeFactory): Cloned 0 input feature(s) into 0 output feature(s)
2019-08-13 02:12:50|   0.3|  0.0|WARN  |Coordinate system named _LL-WGS84_0 does not exist.
2019-08-13 02:12:50|   0.3|  0.0|STATS |Restoring 3 feature(s) from FME feature store file `C:\Users\Vishal\AppData\Local\Temp\wb-cache-bicyclethefts-PHZgvq\Main_StatisticsCalculator_11 -1 143 fo 0 SUMMARY  0  f2ff78308a9e70539323916b4aab33c9eddfc20c.ffs'
2019-08-13 02:12:50|   0.3|  0.1|INFORM|StatisticsCalculator_11_SUMMARY_-1_146_Player (RecorderFactory): Played back 3 feature(s) from file `C:\Users\Vishal\AppData\Local\Temp\wb-cache-bicyclethefts-PHZgvq\Main_StatisticsCalculator_11 -1 143 fo 0 SUMMARY  0  f2ff78308a9e70539323916b4aab33c9eddfc20c.ffs'
2019-08-13 02:12:50|   0.3|  0.0|STATS |Destination Feature Type Routing Correlator (RoutingFactory): Tested 3 input feature(s), wrote 3 output feature(s): 0 matched merge filters, 3 were routed to output, 0 could not be routed.
2019-08-13 02:12:50|   0.3|  0.0|STATS |Final Output Nuker (TeeFactory): Cloned 0 input feature(s) into 0 output feature(s)
2019-08-13 02:12:50|   0.3|  0.0|INFORM|MULTI_WRITER: multi_writer_id `8': Started outputting features
2019-08-13 02:12:50|   0.3|  0.0|INFORM|Creating writer for format: CSV (Comma Separated Value)
2019-08-13 02:12:50|   0.4|  0.0|INFORM|Trying to find a DYNAMIC plugin for writer named `CSV2'
2019-08-13 02:12:50|   0.4|  0.0|INFORM|Loaded module 'CSV2' from file 'C:\Program Files\FME\plugins/CSV2.dll'
2019-08-13 02:12:50|   0.4|  0.0|INFORM|FME API version of module 'CSV2' matches current internal version (3.8 20181030)
2019-08-13 02:12:50|   0.4|  0.0|INFORM|FME Configuration: No destination coordinate system set
2019-08-13 02:12:50|   0.4|  0.0|INFORM|FME API version of module 'CSV2' matches current internal version (3.8 20181030)
2019-08-13 02:12:50|   0.4|  0.0|INFORM|Writer `CSV2_5' of type `CSV2' using group definition keyword `CSV2_5_DEF'
2019-08-13 02:12:50|   0.4|  0.0|INFORM|FME API version of module 'CSV2' matches current internal version (3.8 20181030)
2019-08-13 02:12:50|   0.4|  0.0|INFORM|CSV writer: Directive '_EXTENSION' has the value 'csv'
2019-08-13 02:12:50|   0.4|  0.0|INFORM|CSV writer: Directive '_DELIMITER' has the value ','
2019-08-13 02:12:50|   0.4|  0.0|INFORM|CSV writer: Directive '_ENCODING' has the value 'UTF-8'
2019-08-13 02:12:50|   0.4|  0.0|INFORM|CSV writer: Directive '_WRITE_BOM_FOR_UNICODE' has the value 'Yes'
2019-08-13 02:12:50|   0.4|  0.0|INFORM|CSV writer: Directive '_QUALIFY_FIELD_NAMES' has the value 'if_needed'
2019-08-13 02:12:50|   0.4|  0.0|INFORM|CSV writer: Directive '_QUALIFY_FIELD_VALUES' has the value 'if_needed'
2019-08-13 02:12:50|   0.4|  0.0|INFORM|CSV writer: Directive '_FIELD_QUALIFIER_CHARACTER' has the value '"'
2019-08-13 02:12:50|   0.4|  0.0|INFORM|CSV writer: Directive '_FIELD_QUALIFIER_ESCAPE_CHARACTER' has the value '"'
2019-08-13 02:12:50|   0.4|  0.0|INFORM|CSV writer: Directive '_ROW_TERMINATION' has the value 'System'
2019-08-13 02:12:50|   0.4|  0.0|INFORM|CSV writer: Directive '_WRITE_SCHEMA_FILE' has the value 'NO'
2019-08-13 02:12:50|   0.4|  0.0|INFORM|CSV writer: Opening dataset 'C:\Users\Vishal\OneDrive - NC\InterviewTPS\tables\TheftStatus.csv'
2019-08-13 02:12:50|   0.4|  0.0|INFORM|=-=-=-=-=-=-=-=-=-=-=-=-=-=-=-=-=-=-=-=-=-=-=-=-=-=-=-=-=-=-=-=-=-=-=-=-=-=-=-
2019-08-13 02:12:50|   0.4|  0.0|INFORM|Feature output statistics for `CSV2' writer using keyword `CSV2_5':
2019-08-13 02:12:50|   0.4|  0.0|STATS |=-=-=-=-=-=-=-=-=-=-=-=-=-=-=-=-=-=-=-=-=-=-=-=-=-=-=-=-=-=-=-=-=-=-=-=-=-=-=-
2019-08-13 02:12:50|   0.4|  0.0|STATS |                               Features Written
2019-08-13 02:12:50|   0.4|  0.0|STATS |=-=-=-=-=-=-=-=-=-=-=-=-=-=-=-=-=-=-=-=-=-=-=-=-=-=-=-=-=-=-=-=-=-=-=-=-=-=-=-
2019-08-13 02:12:50|   0.4|  0.0|STATS |TheftStatus                                                                  3
2019-08-13 02:12:50|   0.4|  0.0|STATS |==============================================================================
2019-08-13 02:12:50|   0.4|  0.0|STATS |Total Features Written                                                       3
2019-08-13 02:12:50|   0.4|  0.0|STATS |=-=-=-=-=-=-=-=-=-=-=-=-=-=-=-=-=-=-=-=-=-=-=-=-=-=-=-=-=-=-=-=-=-=-=-=-=-=-=-
2019-08-13 02:12:50|   0.4|  0.0|INFORM|MULTI_WRITER: multi_writer_id `8': done writing 3 feature(s) 
2019-08-13 02:12:50|   0.4|  0.0|INFORM|^^^^^^^^^^^^^^^^^^^^^^^^^^^^^^^^^^^^^^^^^^^^^^^^^^^^^^^^^^^^^^^^^^^^^^^^^^^^^^
2019-08-13 02:12:50|   0.4|  0.0|STATS |=-=-=-=-=-=-=-=-=-=-=-=-=-=-=-=-=-=-=-=-=-=-=-=-=-=-=-=-=-=-=-=-=-=-=-=-=-=-=-
2019-08-13 02:12:50|   0.4|  0.0|STATS |                            Features Read Summary
2019-08-13 02:12:50|   0.4|  0.0|STATS |=-=-=-=-=-=-=-=-=-=-=-=-=-=-=-=-=-=-=-=-=-=-=-=-=-=-=-=-=-=-=-=-=-=-=-=-=-=-=-
2019-08-13 02:12:50|   0.4|  0.0|STATS |==============================================================================
2019-08-13 02:12:50|   0.4|  0.0|STATS |Total Features Read                                                          0
2019-08-13 02:12:50|   0.4|  0.0|STATS |=-=-=-=-=-=-=-=-=-=-=-=-=-=-=-=-=-=-=-=-=-=-=-=-=-=-=-=-=-=-=-=-=-=-=-=-=-=-=-
2019-08-13 02:12:50|   0.4|  0.0|STATS |=-=-=-=-=-=-=-=-=-=-=-=-=-=-=-=-=-=-=-=-=-=-=-=-=-=-=-=-=-=-=-=-=-=-=-=-=-=-=-
2019-08-13 02:12:50|   0.4|  0.0|STATS |                           Features Written Summary
2019-08-13 02:12:50|   0.4|  0.0|STATS |=-=-=-=-=-=-=-=-=-=-=-=-=-=-=-=-=-=-=-=-=-=-=-=-=-=-=-=-=-=-=-=-=-=-=-=-=-=-=-
2019-08-13 02:12:50|   0.4|  0.0|STATS |TheftStatus                                                                  3
2019-08-13 02:12:50|   0.4|  0.0|STATS |==============================================================================
2019-08-13 02:12:50|   0.4|  0.0|STATS |Total Features Written                                                       3
2019-08-13 02:12:50|   0.4|  0.0|STATS |=-=-=-=-=-=-=-=-=-=-=-=-=-=-=-=-=-=-=-=-=-=-=-=-=-=-=-=-=-=-=-=-=-=-=-=-=-=-=-
2019-08-13 02:12:50|   0.4|  0.0|WARN  |-~-~-~-~-~-~-~-~-~-~-~-~-~-~-~-~-~-~-~-~-~-~-~-~-~-~-~-~-~-~-~-~-~-~-~-~-~-~-~-~-
2019-08-13 02:12:50|   0.4|  0.0|WARN  |-~                                                                             ~-
2019-08-13 02:12:50|   0.4|  0.0|WARN  |-~    Feature caches have been recorded at every stage of the translation.     ~-
2019-08-13 02:12:50|   0.4|  0.0|WARN  |-~                      To inspect the recorded features,                      ~-
2019-08-13 02:12:50|   0.4|  0.0|WARN  |-~              click the feature cache icons next to the ports.               ~-
2019-08-13 02:12:50|   0.4|  0.0|WARN  |-~                                                                             ~-
2019-08-13 02:12:50|   0.4|  0.0|WARN  |-~-~-~-~-~-~-~-~-~-~-~-~-~-~-~-~-~-~-~-~-~-~-~-~-~-~-~-~-~-~-~-~-~-~-~-~-~-~-~-~-
2019-08-13 02:12:50|   0.4|  0.0|INFORM|Translation was SUCCESSFUL with 8 warning(s) (3 feature(s) output)
2019-08-13 02:12:50|   0.4|  0.0|INFORM|FME Session Duration: 0.4 seconds. (CPU: 0.1s user, 0.1s system)
2019-08-13 02:12:50|   0.4|  0.0|INFORM|END - ProcessID: 11868, peak process memory usage: 40764 kB, current process memory usage: 40764 kB
